17:29:30.674 [Worker-9] INFO  o.a.AndroidAnnotationProcessor:83 - Initialize AndroidAnnotations 3.3.2 with options {phase=BUILD}
17:29:30.731 [Worker-9] INFO  o.a.AndroidAnnotationProcessor:107 - Start processing for 3 annotations on 5 elements
17:29:30.734 [Worker-9] DEBUG o.a.h.AndroidManifestFinder:137 - AndroidManifest.xml file found in parent folder D:\workspace_xm_2\AndoridFunc: D:\workspace_xm_2\AndoridFunc\AndroidManifest.xml
17:29:30.735 [Worker-9] INFO  o.a.AndroidAnnotationProcessor:170 - AndroidManifest.xml found: AndroidManifest [applicationPackage=com.example.andoridfunc, componentQualifiedNames=[com.example.andoridfunc.MainActivity, func.asyncTask.TestAsyncTaskActivity_, func.handler_and_thread.TestHandler], permissionQualifiedNames=[android.permission.INTERNET], applicationClassName=null, libraryProject=false, debugabble=false, minSdkVersion=8, maxSdkVersion=-1, targetSdkVersion=18]
17:29:30.736 [Worker-9] INFO  o.a.r.ProjectRClassFinder:50 - Found project R class: com.example.andoridfunc.R
17:29:30.738 [Worker-9] INFO  o.a.r.AndroidRClassFinder:44 - Found Android class: android.R
17:29:30.750 [Worker-9] INFO  o.a.p.ModelValidator:42 - Validating elements
17:29:30.751 [Worker-9] DEBUG o.a.p.ModelValidator:62 - Validating with EActivityHandler: [func.asyncTask.TestAsyncTaskActivity]
17:29:30.753 [Worker-9] DEBUG o.a.p.ModelValidator:62 - Validating with ViewByIdHandler: [tv_percent, tv_start, iv_pic]
17:29:30.755 [Worker-9] DEBUG o.a.p.ModelValidator:62 - Validating with ClickHandler: [public void clickStart() ]
17:29:30.763 [Worker-9] INFO  o.a.p.ModelProcessor:74 - Processing root elements
17:29:30.764 [Worker-9] DEBUG o.a.p.ModelProcessor:176 - Processing root elements EActivityHandler: [func.asyncTask.TestAsyncTaskActivity]
17:29:30.791 [Worker-9] INFO  o.a.p.ModelProcessor:86 - Processing enclosed elements
17:29:30.794 [Worker-9] INFO  o.a.AndroidAnnotationProcessor:249 - Number of files generated by AndroidAnnotations: 1
17:29:30.796 [Worker-9] INFO  o.a.g.ApiCodeGenerator:52 - Writting following API classes in project: []
17:29:30.797 [Worker-9] DEBUG o.a.g.SourceCodewriter:55 - Generating class: func.asyncTask.TestAsyncTaskActivity_
17:29:30.804 [Worker-9] INFO  o.a.p.TimeStats:81 - Time measurements: [Whole Processing = 73 ms], [Process Annotations = 38 ms], [Generate Sources = 10 ms], [Find R Classes = 8 ms], [Validate Annotations = 6 ms], [Extract Annotations = 2 ms], [Extract Manifest = 2 ms], 
17:29:30.804 [Worker-9] INFO  o.a.AndroidAnnotationProcessor:121 - Finish processing
17:29:31.0 [Worker-9] INFO  o.a.AndroidAnnotationProcessor:83 - Initialize AndroidAnnotations 3.3.2 with options {phase=BUILD}
17:30:36.632 [Worker-1] INFO  o.a.AndroidAnnotationProcessor:83 - Initialize AndroidAnnotations 3.3.2 with options {phase=BUILD}
17:30:36.648 [Worker-1] INFO  o.a.AndroidAnnotationProcessor:107 - Start processing for 3 annotations on 4 elements
17:30:36.649 [Worker-1] DEBUG o.a.h.AndroidManifestFinder:137 - AndroidManifest.xml file found in parent folder D:\workspace_xm_2\AndoridFunc: D:\workspace_xm_2\AndoridFunc\AndroidManifest.xml
17:30:36.651 [Worker-1] INFO  o.a.AndroidAnnotationProcessor:170 - AndroidManifest.xml found: AndroidManifest [applicationPackage=com.example.andoridfunc, componentQualifiedNames=[com.example.andoridfunc.MainActivity, func.asyncTask.TestAsyncTaskActivity_, func.handler_and_thread.TestHandler], permissionQualifiedNames=[android.permission.INTERNET], applicationClassName=null, libraryProject=false, debugabble=false, minSdkVersion=8, maxSdkVersion=-1, targetSdkVersion=18]
17:30:36.651 [Worker-1] INFO  o.a.r.ProjectRClassFinder:50 - Found project R class: com.example.andoridfunc.R
17:30:36.652 [Worker-1] INFO  o.a.r.AndroidRClassFinder:44 - Found Android class: android.R
17:30:36.658 [Worker-1] INFO  o.a.p.ModelValidator:42 - Validating elements
17:30:36.658 [Worker-1] DEBUG o.a.p.ModelValidator:62 - Validating with EActivityHandler: [func.asyncTask.TestAsyncTaskActivity]
17:30:36.659 [Worker-1] DEBUG o.a.p.ModelValidator:62 - Validating with ViewByIdHandler: [tv_start, tv_percent, iv_pic]
17:30:36.660 [Worker-1] DEBUG o.a.p.ModelValidator:62 - Validating with ClickHandler: [public void clickStart() ]
17:30:36.661 [Worker-1] INFO  o.a.p.ModelProcessor:74 - Processing root elements
17:30:36.662 [Worker-1] DEBUG o.a.p.ModelProcessor:176 - Processing root elements EActivityHandler: [func.asyncTask.TestAsyncTaskActivity]
17:30:36.669 [Worker-1] INFO  o.a.p.ModelProcessor:86 - Processing enclosed elements
17:30:36.669 [Worker-1] DEBUG o.a.p.ModelProcessor:98 - Processing enclosed elements with ViewByIdHandler: [org.androidannotations.model.AnnotationElements$AnnotatedAndRootElements@1ee6115f, org.androidannotations.model.AnnotationElements$AnnotatedAndRootElements@13ed16ab, org.androidannotations.model.AnnotationElements$AnnotatedAndRootElements@326b3ec5]
17:30:36.670 [Worker-1] DEBUG o.a.p.ModelProcessor:98 - Processing enclosed elements with ClickHandler: [org.androidannotations.model.AnnotationElements$AnnotatedAndRootElements@21234a74]
17:30:36.670 [Worker-1] INFO  o.a.AndroidAnnotationProcessor:249 - Number of files generated by AndroidAnnotations: 1
17:30:36.671 [Worker-1] INFO  o.a.g.ApiCodeGenerator:52 - Writting following API classes in project: []
17:30:36.671 [Worker-1] DEBUG o.a.g.SourceCodewriter:55 - Generating class: func.asyncTask.TestAsyncTaskActivity_
17:30:36.678 [Worker-1] INFO  o.a.p.TimeStats:81 - Time measurements: [Whole Processing = 30 ms], [Process Annotations = 9 ms], [Generate Sources = 8 ms], [Find R Classes = 7 ms], [Validate Annotations = 3 ms], [Extract Manifest = 2 ms], [Extract Annotations = 0 ms], 
17:30:36.678 [Worker-1] INFO  o.a.AndroidAnnotationProcessor:121 - Finish processing
17:30:50.327 [Worker-9] INFO  o.a.AndroidAnnotationProcessor:83 - Initialize AndroidAnnotations 3.3.2 with options {phase=BUILD}
17:30:50.344 [Worker-9] INFO  o.a.AndroidAnnotationProcessor:107 - Start processing for 3 annotations on 4 elements
17:30:50.344 [Worker-9] DEBUG o.a.h.AndroidManifestFinder:137 - AndroidManifest.xml file found in parent folder D:\workspace_xm_2\AndoridFunc: D:\workspace_xm_2\AndoridFunc\AndroidManifest.xml
17:30:50.345 [Worker-9] INFO  o.a.AndroidAnnotationProcessor:170 - AndroidManifest.xml found: AndroidManifest [applicationPackage=com.example.andoridfunc, componentQualifiedNames=[com.example.andoridfunc.MainActivity, func.asyncTask.TestAsyncTaskActivity_, func.handler_and_thread.TestHandler], permissionQualifiedNames=[android.permission.INTERNET], applicationClassName=null, libraryProject=false, debugabble=false, minSdkVersion=8, maxSdkVersion=-1, targetSdkVersion=18]
17:30:50.346 [Worker-9] INFO  o.a.r.ProjectRClassFinder:50 - Found project R class: com.example.andoridfunc.R
17:30:50.347 [Worker-9] INFO  o.a.r.AndroidRClassFinder:44 - Found Android class: android.R
17:30:50.352 [Worker-9] INFO  o.a.p.ModelValidator:42 - Validating elements
17:30:50.352 [Worker-9] DEBUG o.a.p.ModelValidator:62 - Validating with EActivityHandler: [func.asyncTask.TestAsyncTaskActivity]
17:30:50.352 [Worker-9] DEBUG o.a.p.ModelValidator:62 - Validating with ViewByIdHandler: [tv_percent, tv_start, iv_pic]
17:30:50.353 [Worker-9] DEBUG o.a.p.ModelValidator:62 - Validating with ClickHandler: [public void clickStart() ]
17:30:50.354 [Worker-9] INFO  o.a.p.ModelProcessor:74 - Processing root elements
17:30:50.354 [Worker-9] DEBUG o.a.p.ModelProcessor:176 - Processing root elements EActivityHandler: [func.asyncTask.TestAsyncTaskActivity]
17:30:50.361 [Worker-9] INFO  o.a.p.ModelProcessor:86 - Processing enclosed elements
17:30:50.362 [Worker-9] DEBUG o.a.p.ModelProcessor:98 - Processing enclosed elements with ViewByIdHandler: [org.androidannotations.model.AnnotationElements$AnnotatedAndRootElements@2072300d, org.androidannotations.model.AnnotationElements$AnnotatedAndRootElements@28b0b61f, org.androidannotations.model.AnnotationElements$AnnotatedAndRootElements@218303db]
17:30:50.363 [Worker-9] DEBUG o.a.p.ModelProcessor:98 - Processing enclosed elements with ClickHandler: [org.androidannotations.model.AnnotationElements$AnnotatedAndRootElements@56252874]
17:30:50.363 [Worker-9] INFO  o.a.AndroidAnnotationProcessor:249 - Number of files generated by AndroidAnnotations: 1
17:30:50.363 [Worker-9] INFO  o.a.g.ApiCodeGenerator:52 - Writting following API classes in project: []
17:30:50.364 [Worker-9] DEBUG o.a.g.SourceCodewriter:55 - Generating class: func.asyncTask.TestAsyncTaskActivity_
17:30:50.371 [Worker-9] INFO  o.a.p.TimeStats:81 - Time measurements: [Whole Processing = 27 ms], [Process Annotations = 9 ms], [Generate Sources = 8 ms], [Find R Classes = 5 ms], [Validate Annotations = 2 ms], [Extract Manifest = 1 ms], [Extract Annotations = 0 ms], 
17:30:50.372 [Worker-9] INFO  o.a.AndroidAnnotationProcessor:121 - Finish processing
11:42:30.665 [Worker-937] INFO  o.a.AndroidAnnotationProcessor:83 - Initialize AndroidAnnotations 3.3.2 with options {phase=BUILD}
11:43:06.241 [Worker-940] INFO  o.a.AndroidAnnotationProcessor:83 - Initialize AndroidAnnotations 3.3.2 with options {phase=BUILD}
11:44:10.602 [Worker-943] INFO  o.a.AndroidAnnotationProcessor:83 - Initialize AndroidAnnotations 3.3.2 with options {phase=BUILD}
11:44:27.913 [Worker-937] INFO  o.a.AndroidAnnotationProcessor:83 - Initialize AndroidAnnotations 3.3.2 with options {phase=BUILD}
12:05:01.308 [Worker-0] INFO  o.a.AndroidAnnotationProcessor:83 - Initialize AndroidAnnotations 3.3.2 with options {phase=BUILD}
12:05:01.375 [Worker-0] INFO  o.a.AndroidAnnotationProcessor:107 - Start processing for 3 annotations on 5 elements
12:05:01.380 [Worker-0] DEBUG o.a.h.AndroidManifestFinder:137 - AndroidManifest.xml file found in parent folder D:\workspace_xm_2\AndoridFunc: D:\workspace_xm_2\AndoridFunc\AndroidManifest.xml
12:05:01.409 [Worker-0] INFO  o.a.AndroidAnnotationProcessor:170 - AndroidManifest.xml found: AndroidManifest [applicationPackage=com.example.andoridfunc, componentQualifiedNames=[com.example.andoridfunc.MainActivity, func.asyncTask.TestAsyncTaskActivity_, func.handler_and_thread.TestHandler], permissionQualifiedNames=[android.permission.INTERNET], applicationClassName=null, libraryProject=false, debugabble=false, minSdkVersion=8, maxSdkVersion=-1, targetSdkVersion=18]
12:05:01.410 [Worker-0] INFO  o.a.r.ProjectRClassFinder:50 - Found project R class: com.example.andoridfunc.R
12:05:01.413 [Worker-0] INFO  o.a.r.AndroidRClassFinder:44 - Found Android class: android.R
12:05:01.433 [Worker-0] INFO  o.a.p.ModelValidator:42 - Validating elements
12:05:01.434 [Worker-0] DEBUG o.a.p.ModelValidator:62 - Validating with EActivityHandler: [func.asyncTask.TestAsyncTaskActivity]
12:05:01.439 [Worker-0] DEBUG o.a.p.ModelValidator:62 - Validating with ViewByIdHandler: [tv_start, iv_pic, tv_percent]
12:05:01.442 [Worker-0] DEBUG o.a.p.ModelValidator:62 - Validating with ClickHandler: [public void clickStart() ]
12:05:01.451 [Worker-0] INFO  o.a.p.ModelProcessor:74 - Processing root elements
12:05:01.452 [Worker-0] DEBUG o.a.p.ModelProcessor:176 - Processing root elements EActivityHandler: [func.asyncTask.TestAsyncTaskActivity]
12:05:01.496 [Worker-0] INFO  o.a.p.ModelProcessor:86 - Processing enclosed elements
12:05:01.499 [Worker-0] INFO  o.a.AndroidAnnotationProcessor:249 - Number of files generated by AndroidAnnotations: 1
12:05:01.501 [Worker-0] INFO  o.a.g.ApiCodeGenerator:52 - Writting following API classes in project: []
12:05:01.502 [Worker-0] DEBUG o.a.g.SourceCodewriter:55 - Generating class: func.asyncTask.TestAsyncTaskActivity_
12:05:01.515 [Worker-0] INFO  o.a.p.TimeStats:81 - Time measurements: [Whole Processing = 141 ms], [Process Annotations = 54 ms], [Extract Manifest = 30 ms], [Find R Classes = 16 ms], [Generate Sources = 16 ms], [Validate Annotations = 12 ms], [Extract Annotations = 4 ms], 
12:05:01.516 [Worker-0] INFO  o.a.AndroidAnnotationProcessor:121 - Finish processing
12:05:11.763 [Worker-2] INFO  o.a.AndroidAnnotationProcessor:83 - Initialize AndroidAnnotations 3.3.2 with options {phase=BUILD}
12:05:11.765 [Worker-2] INFO  o.a.AndroidAnnotationProcessor:107 - Start processing for 3 annotations on 5 elements
12:05:11.767 [Worker-2] DEBUG o.a.h.AndroidManifestFinder:137 - AndroidManifest.xml file found in parent folder D:\workspace_xm_2\AndoridFunc: D:\workspace_xm_2\AndoridFunc\AndroidManifest.xml
12:05:11.768 [Worker-2] INFO  o.a.AndroidAnnotationProcessor:170 - AndroidManifest.xml found: AndroidManifest [applicationPackage=com.example.andoridfunc, componentQualifiedNames=[com.example.andoridfunc.MainActivity, func.asyncTask.TestAsyncTaskActivity_, func.handler_and_thread.TestHandler], permissionQualifiedNames=[android.permission.INTERNET], applicationClassName=null, libraryProject=false, debugabble=false, minSdkVersion=8, maxSdkVersion=-1, targetSdkVersion=18]
12:05:11.769 [Worker-2] INFO  o.a.r.ProjectRClassFinder:50 - Found project R class: com.example.andoridfunc.R
12:05:11.769 [Worker-2] INFO  o.a.r.AndroidRClassFinder:44 - Found Android class: android.R
12:05:11.774 [Worker-2] INFO  o.a.p.ModelValidator:42 - Validating elements
12:05:11.775 [Worker-2] DEBUG o.a.p.ModelValidator:62 - Validating with EActivityHandler: [func.asyncTask.TestAsyncTaskActivity]
12:05:11.775 [Worker-2] DEBUG o.a.p.ModelValidator:62 - Validating with ViewByIdHandler: [iv_pic, tv_percent, tv_start]
12:05:11.777 [Worker-2] DEBUG o.a.p.ModelValidator:62 - Validating with ClickHandler: [public void clickStart() ]
12:05:11.778 [Worker-2] INFO  o.a.p.ModelProcessor:74 - Processing root elements
12:05:11.778 [Worker-2] DEBUG o.a.p.ModelProcessor:176 - Processing root elements EActivityHandler: [func.asyncTask.TestAsyncTaskActivity]
12:05:11.787 [Worker-2] INFO  o.a.p.ModelProcessor:86 - Processing enclosed elements
12:05:11.788 [Worker-2] INFO  o.a.AndroidAnnotationProcessor:249 - Number of files generated by AndroidAnnotations: 1
12:05:11.789 [Worker-2] INFO  o.a.g.ApiCodeGenerator:52 - Writting following API classes in project: []
12:05:11.789 [Worker-2] DEBUG o.a.g.SourceCodewriter:55 - Generating class: func.asyncTask.TestAsyncTaskActivity_
12:05:11.794 [Worker-2] INFO  o.a.p.TimeStats:81 - Time measurements: [Whole Processing = 29 ms], [Process Annotations = 10 ms], [Generate Sources = 6 ms], [Find R Classes = 5 ms], [Validate Annotations = 4 ms], [Extract Manifest = 2 ms], [Extract Annotations = 0 ms], 
12:05:11.794 [Worker-2] INFO  o.a.AndroidAnnotationProcessor:121 - Finish processing
12:05:33.403 [Worker-0] INFO  o.a.AndroidAnnotationProcessor:83 - Initialize AndroidAnnotations 3.3.2 with options {phase=BUILD}
14:11:24.986 [Worker-26] INFO  o.a.AndroidAnnotationProcessor:83 - Initialize AndroidAnnotations 3.3.2 with options {phase=BUILD}
14:11:24.987 [Worker-26] INFO  o.a.AndroidAnnotationProcessor:107 - Start processing for 3 annotations on 5 elements
14:11:24.988 [Worker-26] DEBUG o.a.h.AndroidManifestFinder:137 - AndroidManifest.xml file found in parent folder D:\workspace_xm_2\AndoridFunc: D:\workspace_xm_2\AndoridFunc\AndroidManifest.xml
14:11:24.990 [Worker-26] INFO  o.a.AndroidAnnotationProcessor:170 - AndroidManifest.xml found: AndroidManifest [applicationPackage=com.example.andoridfunc, componentQualifiedNames=[com.example.andoridfunc.MainActivity, func.asyncTask.TestAsyncTaskActivity_, func.handler_and_thread.TestHandler], permissionQualifiedNames=[android.permission.INTERNET], applicationClassName=null, libraryProject=false, debugabble=false, minSdkVersion=8, maxSdkVersion=-1, targetSdkVersion=18]
14:11:24.990 [Worker-26] INFO  o.a.r.ProjectRClassFinder:50 - Found project R class: com.example.andoridfunc.R
14:11:24.990 [Worker-26] INFO  o.a.r.AndroidRClassFinder:44 - Found Android class: android.R
14:11:24.994 [Worker-26] INFO  o.a.p.ModelValidator:42 - Validating elements
14:11:24.995 [Worker-26] DEBUG o.a.p.ModelValidator:62 - Validating with EActivityHandler: [func.asyncTask.TestAsyncTaskActivity]
14:11:24.995 [Worker-26] DEBUG o.a.p.ModelValidator:62 - Validating with ViewByIdHandler: [tv_percent, iv_pic, tv_start]
14:11:24.997 [Worker-26] DEBUG o.a.p.ModelValidator:62 - Validating with ClickHandler: [public void clickStart() ]
14:11:24.998 [Worker-26] INFO  o.a.p.ModelProcessor:74 - Processing root elements
14:11:24.998 [Worker-26] DEBUG o.a.p.ModelProcessor:176 - Processing root elements EActivityHandler: [func.asyncTask.TestAsyncTaskActivity]
14:11:25.6 [Worker-26] INFO  o.a.p.ModelProcessor:86 - Processing enclosed elements
14:11:25.8 [Worker-26] INFO  o.a.AndroidAnnotationProcessor:249 - Number of files generated by AndroidAnnotations: 1
14:11:25.8 [Worker-26] INFO  o.a.g.ApiCodeGenerator:52 - Writting following API classes in project: []
14:11:25.9 [Worker-26] DEBUG o.a.g.SourceCodewriter:55 - Generating class: func.asyncTask.TestAsyncTaskActivity_
14:11:25.15 [Worker-26] INFO  o.a.p.TimeStats:81 - Time measurements: [Whole Processing = 28 ms], [Process Annotations = 10 ms], [Generate Sources = 7 ms], [Find R Classes = 4 ms], [Validate Annotations = 4 ms], [Extract Manifest = 2 ms], [Extract Annotations = 0 ms], 
14:11:25.15 [Worker-26] INFO  o.a.AndroidAnnotationProcessor:121 - Finish processing
17:07:06.6 [Worker-1] INFO  o.a.AndroidAnnotationProcessor:83 - Initialize AndroidAnnotations 3.3.2 with options {phase=BUILD}
17:07:06.65 [Worker-1] INFO  o.a.AndroidAnnotationProcessor:107 - Start processing for 3 annotations on 5 elements
17:07:06.69 [Worker-1] DEBUG o.a.h.AndroidManifestFinder:137 - AndroidManifest.xml file found in parent folder D:\workspace_xm_2\AndoridFunc: D:\workspace_xm_2\AndoridFunc\AndroidManifest.xml
17:07:06.72 [Worker-1] INFO  o.a.AndroidAnnotationProcessor:170 - AndroidManifest.xml found: AndroidManifest [applicationPackage=com.example.andoridfunc, componentQualifiedNames=[com.example.andoridfunc.MainActivity, func.asyncTask.TestAsyncTaskActivity_, func.handler_and_thread.TestHandler], permissionQualifiedNames=[android.permission.INTERNET], applicationClassName=null, libraryProject=false, debugabble=false, minSdkVersion=8, maxSdkVersion=-1, targetSdkVersion=18]
17:07:06.73 [Worker-1] INFO  o.a.r.ProjectRClassFinder:50 - Found project R class: com.example.andoridfunc.R
17:07:06.76 [Worker-1] INFO  o.a.r.AndroidRClassFinder:44 - Found Android class: android.R
17:07:06.93 [Worker-1] INFO  o.a.p.ModelValidator:42 - Validating elements
17:07:06.93 [Worker-1] DEBUG o.a.p.ModelValidator:62 - Validating with EActivityHandler: [func.asyncTask.TestAsyncTaskActivity]
17:07:06.96 [Worker-1] DEBUG o.a.p.ModelValidator:62 - Validating with ViewByIdHandler: [tv_percent, tv_start, iv_pic]
17:07:06.99 [Worker-1] DEBUG o.a.p.ModelValidator:62 - Validating with ClickHandler: [public void clickStart() ]
17:07:06.110 [Worker-1] INFO  o.a.p.ModelProcessor:74 - Processing root elements
17:07:06.111 [Worker-1] DEBUG o.a.p.ModelProcessor:176 - Processing root elements EActivityHandler: [func.asyncTask.TestAsyncTaskActivity]
17:07:06.137 [Worker-1] INFO  o.a.p.ModelProcessor:86 - Processing enclosed elements
17:07:06.139 [Worker-1] INFO  o.a.AndroidAnnotationProcessor:249 - Number of files generated by AndroidAnnotations: 1
17:07:06.141 [Worker-1] INFO  o.a.g.ApiCodeGenerator:52 - Writting following API classes in project: []
17:07:06.142 [Worker-1] DEBUG o.a.g.SourceCodewriter:55 - Generating class: func.asyncTask.TestAsyncTaskActivity_
17:07:06.149 [Worker-1] INFO  o.a.p.TimeStats:81 - Time measurements: [Whole Processing = 84 ms], [Process Annotations = 38 ms], [Find R Classes = 11 ms], [Generate Sources = 10 ms], [Validate Annotations = 9 ms], [Extract Manifest = 4 ms], [Extract Annotations = 3 ms], 
17:07:06.149 [Worker-1] INFO  o.a.AndroidAnnotationProcessor:121 - Finish processing
17:07:30.202 [Worker-11] INFO  o.a.AndroidAnnotationProcessor:83 - Initialize AndroidAnnotations 3.3.2 with options {phase=BUILD}
17:07:53.932 [Worker-6] INFO  o.a.AndroidAnnotationProcessor:83 - Initialize AndroidAnnotations 3.3.2 with options {phase=BUILD}
17:07:53.933 [Worker-6] INFO  o.a.AndroidAnnotationProcessor:107 - Start processing for 3 annotations on 5 elements
17:07:53.934 [Worker-6] DEBUG o.a.h.AndroidManifestFinder:137 - AndroidManifest.xml file found in parent folder D:\workspace_xm_2\AndoridFunc: D:\workspace_xm_2\AndoridFunc\AndroidManifest.xml
17:07:53.935 [Worker-6] INFO  o.a.AndroidAnnotationProcessor:170 - AndroidManifest.xml found: AndroidManifest [applicationPackage=com.example.andoridfunc, componentQualifiedNames=[com.example.andoridfunc.MainActivity, func.asyncTask.TestAsyncTaskActivity_, func.handler_and_thread.TestHandler], permissionQualifiedNames=[android.permission.INTERNET], applicationClassName=null, libraryProject=false, debugabble=false, minSdkVersion=8, maxSdkVersion=-1, targetSdkVersion=18]
17:07:53.936 [Worker-6] INFO  o.a.r.ProjectRClassFinder:50 - Found project R class: com.example.andoridfunc.R
17:07:53.936 [Worker-6] INFO  o.a.r.AndroidRClassFinder:44 - Found Android class: android.R
17:07:53.939 [Worker-6] INFO  o.a.p.ModelValidator:42 - Validating elements
17:07:53.940 [Worker-6] DEBUG o.a.p.ModelValidator:62 - Validating with EActivityHandler: [func.asyncTask.TestAsyncTaskActivity]
17:07:53.940 [Worker-6] DEBUG o.a.p.ModelValidator:62 - Validating with ViewByIdHandler: [tv_percent, iv_pic, tv_start]
17:07:53.941 [Worker-6] DEBUG o.a.p.ModelValidator:62 - Validating with ClickHandler: [public void clickStart() ]
17:07:53.942 [Worker-6] INFO  o.a.p.ModelProcessor:74 - Processing root elements
17:07:53.942 [Worker-6] DEBUG o.a.p.ModelProcessor:176 - Processing root elements EActivityHandler: [func.asyncTask.TestAsyncTaskActivity]
17:07:53.948 [Worker-6] INFO  o.a.p.ModelProcessor:86 - Processing enclosed elements
17:07:53.949 [Worker-6] INFO  o.a.AndroidAnnotationProcessor:249 - Number of files generated by AndroidAnnotations: 1
17:07:53.949 [Worker-6] INFO  o.a.g.ApiCodeGenerator:52 - Writting following API classes in project: []
17:07:53.950 [Worker-6] DEBUG o.a.g.SourceCodewriter:55 - Generating class: func.asyncTask.TestAsyncTaskActivity_
17:07:53.955 [Worker-6] INFO  o.a.p.TimeStats:81 - Time measurements: [Whole Processing = 22 ms], [Process Annotations = 8 ms], [Generate Sources = 6 ms], [Find R Classes = 3 ms], [Validate Annotations = 2 ms], [Extract Manifest = 1 ms], [Extract Annotations = 0 ms], 
17:07:53.955 [Worker-6] INFO  o.a.AndroidAnnotationProcessor:121 - Finish processing
17:38:43.651 [Worker-0] INFO  o.a.AndroidAnnotationProcessor:83 - Initialize AndroidAnnotations 3.3.2 with options {phase=BUILD}
17:38:43.718 [Worker-0] INFO  o.a.AndroidAnnotationProcessor:107 - Start processing for 3 annotations on 5 elements
17:38:43.725 [Worker-0] DEBUG o.a.h.AndroidManifestFinder:137 - AndroidManifest.xml file found in parent folder D:\workspace_xm_2\AndoridFunc: D:\workspace_xm_2\AndoridFunc\AndroidManifest.xml
17:38:43.729 [Worker-0] INFO  o.a.AndroidAnnotationProcessor:170 - AndroidManifest.xml found: AndroidManifest [applicationPackage=com.example.andoridfunc, componentQualifiedNames=[com.example.andoridfunc.MainActivity, func.asyncTask.TestAsyncTaskActivity_, func.handler_and_thread.TestHandler], permissionQualifiedNames=[android.permission.INTERNET], applicationClassName=null, libraryProject=false, debugabble=false, minSdkVersion=8, maxSdkVersion=-1, targetSdkVersion=18]
17:38:43.730 [Worker-0] INFO  o.a.r.ProjectRClassFinder:50 - Found project R class: com.example.andoridfunc.R
17:38:43.734 [Worker-0] INFO  o.a.r.AndroidRClassFinder:44 - Found Android class: android.R
17:38:43.755 [Worker-0] INFO  o.a.p.ModelValidator:42 - Validating elements
17:38:43.756 [Worker-0] DEBUG o.a.p.ModelValidator:62 - Validating with EActivityHandler: [func.asyncTask.TestAsyncTaskActivity]
17:38:43.760 [Worker-0] DEBUG o.a.p.ModelValidator:62 - Validating with ViewByIdHandler: [tv_start, tv_percent, iv_pic]
17:38:43.763 [Worker-0] DEBUG o.a.p.ModelValidator:62 - Validating with ClickHandler: [public void clickStart() ]
17:38:43.772 [Worker-0] INFO  o.a.p.ModelProcessor:74 - Processing root elements
17:38:43.773 [Worker-0] DEBUG o.a.p.ModelProcessor:176 - Processing root elements EActivityHandler: [func.asyncTask.TestAsyncTaskActivity]
17:38:43.825 [Worker-0] INFO  o.a.p.ModelProcessor:86 - Processing enclosed elements
17:38:43.828 [Worker-0] INFO  o.a.AndroidAnnotationProcessor:249 - Number of files generated by AndroidAnnotations: 1
17:38:43.830 [Worker-0] INFO  o.a.g.ApiCodeGenerator:52 - Writting following API classes in project: []
17:38:43.831 [Worker-0] DEBUG o.a.g.SourceCodewriter:55 - Generating class: func.asyncTask.TestAsyncTaskActivity_
17:38:43.846 [Worker-0] INFO  o.a.p.TimeStats:81 - Time measurements: [Whole Processing = 128 ms], [Process Annotations = 63 ms], [Find R Classes = 19 ms], [Generate Sources = 18 ms], [Validate Annotations = 10 ms], [Extract Annotations = 5 ms], [Extract Manifest = 5 ms], 
17:38:43.846 [Worker-0] INFO  o.a.AndroidAnnotationProcessor:121 - Finish processing
17:38:59.156 [Worker-4] INFO  o.a.AndroidAnnotationProcessor:83 - Initialize AndroidAnnotations 3.3.2 with options {phase=BUILD}
17:38:59.158 [Worker-4] INFO  o.a.AndroidAnnotationProcessor:107 - Start processing for 3 annotations on 5 elements
17:38:59.159 [Worker-4] DEBUG o.a.h.AndroidManifestFinder:137 - AndroidManifest.xml file found in parent folder D:\workspace_xm_2\AndoridFunc: D:\workspace_xm_2\AndoridFunc\AndroidManifest.xml
17:38:59.160 [Worker-4] INFO  o.a.AndroidAnnotationProcessor:170 - AndroidManifest.xml found: AndroidManifest [applicationPackage=com.example.andoridfunc, componentQualifiedNames=[com.example.andoridfunc.MainActivity, func.asyncTask.TestAsyncTaskActivity_, func.handler_and_thread.TestHandler], permissionQualifiedNames=[android.permission.INTERNET], applicationClassName=null, libraryProject=false, debugabble=false, minSdkVersion=8, maxSdkVersion=-1, targetSdkVersion=18]
17:38:59.161 [Worker-4] INFO  o.a.r.ProjectRClassFinder:50 - Found project R class: com.example.andoridfunc.R
17:38:59.162 [Worker-4] INFO  o.a.r.AndroidRClassFinder:44 - Found Android class: android.R
17:38:59.166 [Worker-4] INFO  o.a.p.ModelValidator:42 - Validating elements
17:38:59.166 [Worker-4] DEBUG o.a.p.ModelValidator:62 - Validating with EActivityHandler: [func.asyncTask.TestAsyncTaskActivity]
17:38:59.167 [Worker-4] DEBUG o.a.p.ModelValidator:62 - Validating with ViewByIdHandler: [tv_percent, iv_pic, tv_start]
17:38:59.168 [Worker-4] DEBUG o.a.p.ModelValidator:62 - Validating with ClickHandler: [public void clickStart() ]
17:38:59.169 [Worker-4] INFO  o.a.p.ModelProcessor:74 - Processing root elements
17:38:59.169 [Worker-4] DEBUG o.a.p.ModelProcessor:176 - Processing root elements EActivityHandler: [func.asyncTask.TestAsyncTaskActivity]
17:38:59.176 [Worker-4] INFO  o.a.p.ModelProcessor:86 - Processing enclosed elements
17:38:59.177 [Worker-4] INFO  o.a.AndroidAnnotationProcessor:249 - Number of files generated by AndroidAnnotations: 1
17:38:59.178 [Worker-4] INFO  o.a.g.ApiCodeGenerator:52 - Writting following API classes in project: []
17:38:59.178 [Worker-4] DEBUG o.a.g.SourceCodewriter:55 - Generating class: func.asyncTask.TestAsyncTaskActivity_
17:38:59.182 [Worker-4] INFO  o.a.p.TimeStats:81 - Time measurements: [Whole Processing = 24 ms], [Process Annotations = 8 ms], [Find R Classes = 5 ms], [Generate Sources = 5 ms], [Validate Annotations = 3 ms], [Extract Annotations = 1 ms], [Extract Manifest = 1 ms], 
17:38:59.183 [Worker-4] INFO  o.a.AndroidAnnotationProcessor:121 - Finish processing
17:39:27.387 [Worker-11] INFO  o.a.AndroidAnnotationProcessor:83 - Initialize AndroidAnnotations 3.3.2 with options {phase=BUILD}
17:39:51.652 [Worker-5] INFO  o.a.AndroidAnnotationProcessor:83 - Initialize AndroidAnnotations 3.3.2 with options {phase=BUILD}
17:39:51.653 [Worker-5] INFO  o.a.AndroidAnnotationProcessor:107 - Start processing for 3 annotations on 5 elements
17:39:51.654 [Worker-5] DEBUG o.a.h.AndroidManifestFinder:137 - AndroidManifest.xml file found in parent folder D:\workspace_xm_2\AndoridFunc: D:\workspace_xm_2\AndoridFunc\AndroidManifest.xml
17:39:51.655 [Worker-5] INFO  o.a.AndroidAnnotationProcessor:170 - AndroidManifest.xml found: AndroidManifest [applicationPackage=com.example.andoridfunc, componentQualifiedNames=[com.example.andoridfunc.MainActivity, func.asyncTask.TestAsyncTaskActivity_, func.handler_and_thread.TestHandler], permissionQualifiedNames=[android.permission.INTERNET], applicationClassName=null, libraryProject=false, debugabble=false, minSdkVersion=8, maxSdkVersion=-1, targetSdkVersion=18]
17:39:51.655 [Worker-5] INFO  o.a.r.ProjectRClassFinder:50 - Found project R class: com.example.andoridfunc.R
17:39:51.655 [Worker-5] INFO  o.a.r.AndroidRClassFinder:44 - Found Android class: android.R
17:39:51.658 [Worker-5] INFO  o.a.p.ModelValidator:42 - Validating elements
17:39:51.659 [Worker-5] DEBUG o.a.p.ModelValidator:62 - Validating with EActivityHandler: [func.asyncTask.TestAsyncTaskActivity]
17:39:51.659 [Worker-5] DEBUG o.a.p.ModelValidator:62 - Validating with ViewByIdHandler: [tv_start, tv_percent, iv_pic]
17:39:51.660 [Worker-5] DEBUG o.a.p.ModelValidator:62 - Validating with ClickHandler: [public void clickStart() ]
17:39:51.661 [Worker-5] INFO  o.a.p.ModelProcessor:74 - Processing root elements
17:39:51.661 [Worker-5] DEBUG o.a.p.ModelProcessor:176 - Processing root elements EActivityHandler: [func.asyncTask.TestAsyncTaskActivity]
17:39:51.667 [Worker-5] INFO  o.a.p.ModelProcessor:86 - Processing enclosed elements
17:39:51.668 [Worker-5] INFO  o.a.AndroidAnnotationProcessor:249 - Number of files generated by AndroidAnnotations: 1
17:39:51.669 [Worker-5] INFO  o.a.g.ApiCodeGenerator:52 - Writting following API classes in project: []
17:39:51.669 [Worker-5] DEBUG o.a.g.SourceCodewriter:55 - Generating class: func.asyncTask.TestAsyncTaskActivity_
17:39:51.672 [Worker-5] INFO  o.a.p.TimeStats:81 - Time measurements: [Whole Processing = 19 ms], [Process Annotations = 7 ms], [Generate Sources = 4 ms], [Find R Classes = 3 ms], [Validate Annotations = 3 ms], [Extract Annotations = 1 ms], [Extract Manifest = 1 ms], 
17:39:51.672 [Worker-5] INFO  o.a.AndroidAnnotationProcessor:121 - Finish processing
17:51:26.254 [Worker-1] INFO  o.a.AndroidAnnotationProcessor:83 - Initialize AndroidAnnotations 3.3.2 with options {phase=BUILD}
17:51:26.358 [Worker-1] INFO  o.a.AndroidAnnotationProcessor:107 - Start processing for 3 annotations on 5 elements
17:51:26.365 [Worker-1] DEBUG o.a.h.AndroidManifestFinder:137 - AndroidManifest.xml file found in parent folder D:\workspace_xm_2\AndoridFunc: D:\workspace_xm_2\AndoridFunc\AndroidManifest.xml
17:51:26.368 [Worker-1] INFO  o.a.AndroidAnnotationProcessor:170 - AndroidManifest.xml found: AndroidManifest [applicationPackage=com.example.andoridfunc, componentQualifiedNames=[com.example.andoridfunc.MainActivity, func.asyncTask.TestAsyncTaskActivity_, func.handler_and_thread.TestHandler], permissionQualifiedNames=[android.permission.INTERNET], applicationClassName=null, libraryProject=false, debugabble=false, minSdkVersion=8, maxSdkVersion=-1, targetSdkVersion=18]
17:51:26.369 [Worker-1] INFO  o.a.r.ProjectRClassFinder:50 - Found project R class: com.example.andoridfunc.R
17:51:26.378 [Worker-1] INFO  o.a.r.AndroidRClassFinder:44 - Found Android class: android.R
17:51:26.392 [Worker-1] INFO  o.a.p.ModelValidator:42 - Validating elements
17:51:26.393 [Worker-1] DEBUG o.a.p.ModelValidator:62 - Validating with EActivityHandler: [func.asyncTask.TestAsyncTaskActivity]
17:51:26.399 [Worker-1] DEBUG o.a.p.ModelValidator:62 - Validating with ViewByIdHandler: [tv_percent, tv_start, iv_pic]
17:51:26.403 [Worker-1] DEBUG o.a.p.ModelValidator:62 - Validating with ClickHandler: [public void clickStart() ]
17:51:26.411 [Worker-1] INFO  o.a.p.ModelProcessor:74 - Processing root elements
17:51:26.412 [Worker-1] DEBUG o.a.p.ModelProcessor:176 - Processing root elements EActivityHandler: [func.asyncTask.TestAsyncTaskActivity]
17:51:26.461 [Worker-1] INFO  o.a.p.ModelProcessor:86 - Processing enclosed elements
17:51:26.463 [Worker-1] INFO  o.a.AndroidAnnotationProcessor:249 - Number of files generated by AndroidAnnotations: 1
17:51:26.465 [Worker-1] INFO  o.a.g.ApiCodeGenerator:52 - Writting following API classes in project: []
17:51:26.467 [Worker-1] DEBUG o.a.g.SourceCodewriter:55 - Generating class: func.asyncTask.TestAsyncTaskActivity_
17:51:26.486 [Worker-1] INFO  o.a.p.TimeStats:81 - Time measurements: [Whole Processing = 128 ms], [Process Annotations = 58 ms], [Generate Sources = 23 ms], [Find R Classes = 17 ms], [Validate Annotations = 13 ms], [Extract Annotations = 4 ms], [Extract Manifest = 4 ms], 
17:51:26.487 [Worker-1] INFO  o.a.AndroidAnnotationProcessor:121 - Finish processing
17:51:35.142 [Worker-2] INFO  o.a.AndroidAnnotationProcessor:83 - Initialize AndroidAnnotations 3.3.2 with options {phase=BUILD}
17:51:35.144 [Worker-2] INFO  o.a.AndroidAnnotationProcessor:107 - Start processing for 3 annotations on 5 elements
17:51:35.146 [Worker-2] DEBUG o.a.h.AndroidManifestFinder:137 - AndroidManifest.xml file found in parent folder D:\workspace_xm_2\AndoridFunc: D:\workspace_xm_2\AndoridFunc\AndroidManifest.xml
17:51:35.147 [Worker-2] INFO  o.a.AndroidAnnotationProcessor:170 - AndroidManifest.xml found: AndroidManifest [applicationPackage=com.example.andoridfunc, componentQualifiedNames=[com.example.andoridfunc.MainActivity, func.asyncTask.TestAsyncTaskActivity_, func.handler_and_thread.TestHandler], permissionQualifiedNames=[android.permission.INTERNET], applicationClassName=null, libraryProject=false, debugabble=false, minSdkVersion=8, maxSdkVersion=-1, targetSdkVersion=18]
17:51:35.148 [Worker-2] INFO  o.a.r.ProjectRClassFinder:50 - Found project R class: com.example.andoridfunc.R
17:51:35.148 [Worker-2] INFO  o.a.r.AndroidRClassFinder:44 - Found Android class: android.R
17:51:35.154 [Worker-2] INFO  o.a.p.ModelValidator:42 - Validating elements
17:51:35.155 [Worker-2] DEBUG o.a.p.ModelValidator:62 - Validating with EActivityHandler: [func.asyncTask.TestAsyncTaskActivity]
17:51:35.156 [Worker-2] DEBUG o.a.p.ModelValidator:62 - Validating with ViewByIdHandler: [tv_start, tv_percent, iv_pic]
17:51:35.158 [Worker-2] DEBUG o.a.p.ModelValidator:62 - Validating with ClickHandler: [public void clickStart() ]
17:51:35.159 [Worker-2] INFO  o.a.p.ModelProcessor:74 - Processing root elements
17:51:35.159 [Worker-2] DEBUG o.a.p.ModelProcessor:176 - Processing root elements EActivityHandler: [func.asyncTask.TestAsyncTaskActivity]
17:51:35.170 [Worker-2] INFO  o.a.p.ModelProcessor:86 - Processing enclosed elements
17:51:35.171 [Worker-2] INFO  o.a.AndroidAnnotationProcessor:249 - Number of files generated by AndroidAnnotations: 1
17:51:35.171 [Worker-2] INFO  o.a.g.ApiCodeGenerator:52 - Writting following API classes in project: []
17:51:35.172 [Worker-2] DEBUG o.a.g.SourceCodewriter:55 - Generating class: func.asyncTask.TestAsyncTaskActivity_
17:51:35.178 [Worker-2] INFO  o.a.p.TimeStats:81 - Time measurements: [Whole Processing = 34 ms], [Process Annotations = 13 ms], [Generate Sources = 7 ms], [Find R Classes = 6 ms], [Validate Annotations = 4 ms], [Extract Manifest = 2 ms], [Extract Annotations = 0 ms], 
17:51:35.179 [Worker-2] INFO  o.a.AndroidAnnotationProcessor:121 - Finish processing
17:51:59.192 [Worker-10] INFO  o.a.AndroidAnnotationProcessor:83 - Initialize AndroidAnnotations 3.3.2 with options {phase=BUILD}
17:52:35.189 [Worker-2] INFO  o.a.AndroidAnnotationProcessor:83 - Initialize AndroidAnnotations 3.3.2 with options {phase=BUILD}
17:52:35.190 [Worker-2] INFO  o.a.AndroidAnnotationProcessor:107 - Start processing for 3 annotations on 5 elements
17:52:35.203 [Worker-2] DEBUG o.a.h.AndroidManifestFinder:137 - AndroidManifest.xml file found in parent folder D:\workspace_xm_2\AndoridFunc: D:\workspace_xm_2\AndoridFunc\AndroidManifest.xml
17:52:35.204 [Worker-2] INFO  o.a.AndroidAnnotationProcessor:170 - AndroidManifest.xml found: AndroidManifest [applicationPackage=com.example.andoridfunc, componentQualifiedNames=[com.example.andoridfunc.MainActivity, func.asyncTask.TestAsyncTaskActivity_, func.handler_and_thread.TestHandler], permissionQualifiedNames=[android.permission.INTERNET], applicationClassName=null, libraryProject=false, debugabble=false, minSdkVersion=8, maxSdkVersion=-1, targetSdkVersion=18]
17:52:35.204 [Worker-2] INFO  o.a.r.ProjectRClassFinder:50 - Found project R class: com.example.andoridfunc.R
17:52:35.205 [Worker-2] INFO  o.a.r.AndroidRClassFinder:44 - Found Android class: android.R
17:52:35.208 [Worker-2] INFO  o.a.p.ModelValidator:42 - Validating elements
17:52:35.208 [Worker-2] DEBUG o.a.p.ModelValidator:62 - Validating with EActivityHandler: [func.asyncTask.TestAsyncTaskActivity]
17:52:35.208 [Worker-2] DEBUG o.a.p.ModelValidator:62 - Validating with ViewByIdHandler: [tv_percent, iv_pic, tv_start]
17:52:35.210 [Worker-2] DEBUG o.a.p.ModelValidator:62 - Validating with ClickHandler: [public void clickStart() ]
17:52:35.211 [Worker-2] INFO  o.a.p.ModelProcessor:74 - Processing root elements
17:52:35.211 [Worker-2] DEBUG o.a.p.ModelProcessor:176 - Processing root elements EActivityHandler: [func.asyncTask.TestAsyncTaskActivity]
17:52:35.217 [Worker-2] INFO  o.a.p.ModelProcessor:86 - Processing enclosed elements
17:52:35.219 [Worker-2] INFO  o.a.AndroidAnnotationProcessor:249 - Number of files generated by AndroidAnnotations: 1
17:52:35.219 [Worker-2] INFO  o.a.g.ApiCodeGenerator:52 - Writting following API classes in project: []
17:52:35.220 [Worker-2] DEBUG o.a.g.SourceCodewriter:55 - Generating class: func.asyncTask.TestAsyncTaskActivity_
17:52:35.224 [Worker-2] INFO  o.a.p.TimeStats:81 - Time measurements: [Whole Processing = 34 ms], [Extract Annotations = 13 ms], [Process Annotations = 9 ms], [Generate Sources = 5 ms], [Find R Classes = 3 ms], [Validate Annotations = 2 ms], [Extract Manifest = 1 ms], 
17:52:35.224 [Worker-2] INFO  o.a.AndroidAnnotationProcessor:121 - Finish processing
17:52:58.174 [Worker-13] INFO  o.a.AndroidAnnotationProcessor:83 - Initialize AndroidAnnotations 3.3.2 with options {phase=BUILD}
17:52:58.175 [Worker-13] INFO  o.a.AndroidAnnotationProcessor:107 - Start processing for 3 annotations on 5 elements
17:52:58.175 [Worker-13] DEBUG o.a.h.AndroidManifestFinder:137 - AndroidManifest.xml file found in parent folder D:\workspace_xm_2\AndoridFunc: D:\workspace_xm_2\AndoridFunc\AndroidManifest.xml
17:52:58.176 [Worker-13] INFO  o.a.AndroidAnnotationProcessor:170 - AndroidManifest.xml found: AndroidManifest [applicationPackage=com.example.andoridfunc, componentQualifiedNames=[com.example.andoridfunc.MainActivity, func.asyncTask.TestAsyncTaskActivity_, func.handler_and_thread.TestHandler], permissionQualifiedNames=[android.permission.INTERNET], applicationClassName=null, libraryProject=false, debugabble=false, minSdkVersion=8, maxSdkVersion=-1, targetSdkVersion=18]
17:52:58.177 [Worker-13] INFO  o.a.r.ProjectRClassFinder:50 - Found project R class: com.example.andoridfunc.R
17:52:58.177 [Worker-13] INFO  o.a.r.AndroidRClassFinder:44 - Found Android class: android.R
17:52:58.181 [Worker-13] INFO  o.a.p.ModelValidator:42 - Validating elements
17:52:58.181 [Worker-13] DEBUG o.a.p.ModelValidator:62 - Validating with EActivityHandler: [func.asyncTask.TestAsyncTaskActivity]
17:52:58.182 [Worker-13] DEBUG o.a.p.ModelValidator:62 - Validating with ViewByIdHandler: [tv_start, iv_pic, tv_percent]
17:52:58.183 [Worker-13] DEBUG o.a.p.ModelValidator:62 - Validating with ClickHandler: [public void clickStart() ]
17:52:58.183 [Worker-13] INFO  o.a.p.ModelProcessor:74 - Processing root elements
17:52:58.184 [Worker-13] DEBUG o.a.p.ModelProcessor:176 - Processing root elements EActivityHandler: [func.asyncTask.TestAsyncTaskActivity]
17:52:58.190 [Worker-13] INFO  o.a.p.ModelProcessor:86 - Processing enclosed elements
17:52:58.190 [Worker-13] INFO  o.a.AndroidAnnotationProcessor:249 - Number of files generated by AndroidAnnotations: 1
17:52:58.191 [Worker-13] INFO  o.a.g.ApiCodeGenerator:52 - Writting following API classes in project: []
17:52:58.191 [Worker-13] DEBUG o.a.g.SourceCodewriter:55 - Generating class: func.asyncTask.TestAsyncTaskActivity_
17:52:58.196 [Worker-13] INFO  o.a.p.TimeStats:81 - Time measurements: [Whole Processing = 21 ms], [Process Annotations = 7 ms], [Generate Sources = 6 ms], [Find R Classes = 4 ms], [Validate Annotations = 2 ms], [Extract Manifest = 1 ms], [Extract Annotations = 0 ms], 
17:52:58.196 [Worker-13] INFO  o.a.AndroidAnnotationProcessor:121 - Finish processing
17:59:03.429 [Worker-3] INFO  o.a.AndroidAnnotationProcessor:83 - Initialize AndroidAnnotations 3.3.2 with options {phase=BUILD}
17:59:03.489 [Worker-3] INFO  o.a.AndroidAnnotationProcessor:107 - Start processing for 3 annotations on 5 elements
17:59:03.495 [Worker-3] DEBUG o.a.h.AndroidManifestFinder:137 - AndroidManifest.xml file found in parent folder D:\workspace_xm_2\AndoridFunc: D:\workspace_xm_2\AndoridFunc\AndroidManifest.xml
17:59:03.498 [Worker-3] INFO  o.a.AndroidAnnotationProcessor:170 - AndroidManifest.xml found: AndroidManifest [applicationPackage=com.example.andoridfunc, componentQualifiedNames=[com.example.andoridfunc.MainActivity, func.asyncTask.TestAsyncTaskActivity_, func.handler_and_thread.TestHandler], permissionQualifiedNames=[android.permission.INTERNET], applicationClassName=null, libraryProject=false, debugabble=false, minSdkVersion=8, maxSdkVersion=-1, targetSdkVersion=18]
17:59:03.499 [Worker-3] INFO  o.a.r.ProjectRClassFinder:50 - Found project R class: com.example.andoridfunc.R
17:59:03.503 [Worker-3] INFO  o.a.r.AndroidRClassFinder:44 - Found Android class: android.R
17:59:03.522 [Worker-3] INFO  o.a.p.ModelValidator:42 - Validating elements
17:59:03.523 [Worker-3] DEBUG o.a.p.ModelValidator:62 - Validating with EActivityHandler: [func.asyncTask.TestAsyncTaskActivity]
17:59:03.529 [Worker-3] DEBUG o.a.p.ModelValidator:62 - Validating with ViewByIdHandler: [tv_start, iv_pic, tv_percent]
17:59:03.532 [Worker-3] DEBUG o.a.p.ModelValidator:62 - Validating with ClickHandler: [public void clickStart() ]
17:59:03.543 [Worker-3] INFO  o.a.p.ModelProcessor:74 - Processing root elements
17:59:03.544 [Worker-3] DEBUG o.a.p.ModelProcessor:176 - Processing root elements EActivityHandler: [func.asyncTask.TestAsyncTaskActivity]
17:59:03.597 [Worker-3] INFO  o.a.p.ModelProcessor:86 - Processing enclosed elements
17:59:03.600 [Worker-3] INFO  o.a.AndroidAnnotationProcessor:249 - Number of files generated by AndroidAnnotations: 1
17:59:03.602 [Worker-3] INFO  o.a.g.ApiCodeGenerator:52 - Writting following API classes in project: []
17:59:03.603 [Worker-3] DEBUG o.a.g.SourceCodewriter:55 - Generating class: func.asyncTask.TestAsyncTaskActivity_
17:59:03.626 [Worker-3] INFO  o.a.p.TimeStats:81 - Time measurements: [Whole Processing = 138 ms], [Process Annotations = 65 ms], [Generate Sources = 26 ms], [Find R Classes = 15 ms], [Validate Annotations = 13 ms], [Extract Annotations = 4 ms], [Extract Manifest = 4 ms], 
17:59:03.627 [Worker-3] INFO  o.a.AndroidAnnotationProcessor:121 - Finish processing
17:59:18.814 [Worker-2] INFO  o.a.AndroidAnnotationProcessor:83 - Initialize AndroidAnnotations 3.3.2 with options {phase=BUILD}
17:59:18.815 [Worker-2] INFO  o.a.AndroidAnnotationProcessor:107 - Start processing for 3 annotations on 5 elements
17:59:18.816 [Worker-2] DEBUG o.a.h.AndroidManifestFinder:137 - AndroidManifest.xml file found in parent folder D:\workspace_xm_2\AndoridFunc: D:\workspace_xm_2\AndoridFunc\AndroidManifest.xml
17:59:18.817 [Worker-2] INFO  o.a.AndroidAnnotationProcessor:170 - AndroidManifest.xml found: AndroidManifest [applicationPackage=com.example.andoridfunc, componentQualifiedNames=[com.example.andoridfunc.MainActivity, func.asyncTask.TestAsyncTaskActivity_, func.handler_and_thread.TestHandler], permissionQualifiedNames=[android.permission.INTERNET], applicationClassName=null, libraryProject=false, debugabble=false, minSdkVersion=8, maxSdkVersion=-1, targetSdkVersion=18]
17:59:18.817 [Worker-2] INFO  o.a.r.ProjectRClassFinder:50 - Found project R class: com.example.andoridfunc.R
17:59:18.818 [Worker-2] INFO  o.a.r.AndroidRClassFinder:44 - Found Android class: android.R
17:59:18.821 [Worker-2] INFO  o.a.p.ModelValidator:42 - Validating elements
17:59:18.821 [Worker-2] DEBUG o.a.p.ModelValidator:62 - Validating with EActivityHandler: [func.asyncTask.TestAsyncTaskActivity]
17:59:18.822 [Worker-2] DEBUG o.a.p.ModelValidator:62 - Validating with ViewByIdHandler: [tv_start, iv_pic, tv_percent]
17:59:18.823 [Worker-2] DEBUG o.a.p.ModelValidator:62 - Validating with ClickHandler: [public void clickStart() ]
17:59:18.824 [Worker-2] INFO  o.a.p.ModelProcessor:74 - Processing root elements
17:59:18.824 [Worker-2] DEBUG o.a.p.ModelProcessor:176 - Processing root elements EActivityHandler: [func.asyncTask.TestAsyncTaskActivity]
17:59:18.831 [Worker-2] INFO  o.a.p.ModelProcessor:86 - Processing enclosed elements
17:59:18.832 [Worker-2] INFO  o.a.AndroidAnnotationProcessor:249 - Number of files generated by AndroidAnnotations: 1
17:59:18.832 [Worker-2] INFO  o.a.g.ApiCodeGenerator:52 - Writting following API classes in project: []
17:59:18.832 [Worker-2] DEBUG o.a.g.SourceCodewriter:55 - Generating class: func.asyncTask.TestAsyncTaskActivity_
17:59:18.837 [Worker-2] INFO  o.a.p.TimeStats:81 - Time measurements: [Whole Processing = 22 ms], [Process Annotations = 8 ms], [Generate Sources = 5 ms], [Find R Classes = 4 ms], [Validate Annotations = 3 ms], [Extract Manifest = 1 ms], [Extract Annotations = 0 ms], 
17:59:18.837 [Worker-2] INFO  o.a.AndroidAnnotationProcessor:121 - Finish processing
17:59:46.339 [Worker-11] INFO  o.a.AndroidAnnotationProcessor:83 - Initialize AndroidAnnotations 3.3.2 with options {phase=BUILD}
18:00:16.753 [Worker-6] INFO  o.a.AndroidAnnotationProcessor:83 - Initialize AndroidAnnotations 3.3.2 with options {phase=BUILD}
18:00:16.754 [Worker-6] INFO  o.a.AndroidAnnotationProcessor:107 - Start processing for 3 annotations on 5 elements
18:00:16.755 [Worker-6] DEBUG o.a.h.AndroidManifestFinder:137 - AndroidManifest.xml file found in parent folder D:\workspace_xm_2\AndoridFunc: D:\workspace_xm_2\AndoridFunc\AndroidManifest.xml
18:00:16.756 [Worker-6] INFO  o.a.AndroidAnnotationProcessor:170 - AndroidManifest.xml found: AndroidManifest [applicationPackage=com.example.andoridfunc, componentQualifiedNames=[com.example.andoridfunc.MainActivity, func.asyncTask.TestAsyncTaskActivity_, func.handler_and_thread.TestHandler], permissionQualifiedNames=[android.permission.INTERNET], applicationClassName=null, libraryProject=false, debugabble=false, minSdkVersion=8, maxSdkVersion=-1, targetSdkVersion=18]
18:00:16.757 [Worker-6] INFO  o.a.r.ProjectRClassFinder:50 - Found project R class: com.example.andoridfunc.R
18:00:16.757 [Worker-6] INFO  o.a.r.AndroidRClassFinder:44 - Found Android class: android.R
18:00:16.761 [Worker-6] INFO  o.a.p.ModelValidator:42 - Validating elements
18:00:16.761 [Worker-6] DEBUG o.a.p.ModelValidator:62 - Validating with EActivityHandler: [func.asyncTask.TestAsyncTaskActivity]
18:00:16.761 [Worker-6] DEBUG o.a.p.ModelValidator:62 - Validating with ViewByIdHandler: [tv_start, iv_pic, tv_percent]
18:00:16.762 [Worker-6] DEBUG o.a.p.ModelValidator:62 - Validating with ClickHandler: [public void clickStart() ]
18:00:16.763 [Worker-6] INFO  o.a.p.ModelProcessor:74 - Processing root elements
18:00:16.763 [Worker-6] DEBUG o.a.p.ModelProcessor:176 - Processing root elements EActivityHandler: [func.asyncTask.TestAsyncTaskActivity]
18:00:16.769 [Worker-6] INFO  o.a.p.ModelProcessor:86 - Processing enclosed elements
18:00:16.770 [Worker-6] INFO  o.a.AndroidAnnotationProcessor:249 - Number of files generated by AndroidAnnotations: 1
18:00:16.771 [Worker-6] INFO  o.a.g.ApiCodeGenerator:52 - Writting following API classes in project: []
18:00:16.771 [Worker-6] DEBUG o.a.g.SourceCodewriter:55 - Generating class: func.asyncTask.TestAsyncTaskActivity_
18:00:16.774 [Worker-6] INFO  o.a.p.TimeStats:81 - Time measurements: [Whole Processing = 20 ms], [Process Annotations = 7 ms], [Generate Sources = 4 ms], [Find R Classes = 3 ms], [Validate Annotations = 2 ms], [Extract Manifest = 1 ms], [Extract Annotations = 0 ms], 
18:00:16.774 [Worker-6] INFO  o.a.AndroidAnnotationProcessor:121 - Finish processing
18:00:33.541 [Worker-12] INFO  o.a.AndroidAnnotationProcessor:83 - Initialize AndroidAnnotations 3.3.2 with options {phase=BUILD}
18:00:33.542 [Worker-12] INFO  o.a.AndroidAnnotationProcessor:107 - Start processing for 3 annotations on 5 elements
18:00:33.543 [Worker-12] DEBUG o.a.h.AndroidManifestFinder:137 - AndroidManifest.xml file found in parent folder D:\workspace_xm_2\AndoridFunc: D:\workspace_xm_2\AndoridFunc\AndroidManifest.xml
18:00:33.544 [Worker-12] INFO  o.a.AndroidAnnotationProcessor:170 - AndroidManifest.xml found: AndroidManifest [applicationPackage=com.example.andoridfunc, componentQualifiedNames=[com.example.andoridfunc.MainActivity, func.asyncTask.TestAsyncTaskActivity_, func.handler_and_thread.TestHandler], permissionQualifiedNames=[android.permission.INTERNET], applicationClassName=null, libraryProject=false, debugabble=false, minSdkVersion=8, maxSdkVersion=-1, targetSdkVersion=18]
18:00:33.545 [Worker-12] INFO  o.a.r.ProjectRClassFinder:50 - Found project R class: com.example.andoridfunc.R
18:00:33.545 [Worker-12] INFO  o.a.r.AndroidRClassFinder:44 - Found Android class: android.R
18:00:33.549 [Worker-12] INFO  o.a.p.ModelValidator:42 - Validating elements
18:00:33.549 [Worker-12] DEBUG o.a.p.ModelValidator:62 - Validating with EActivityHandler: [func.asyncTask.TestAsyncTaskActivity]
18:00:33.549 [Worker-12] DEBUG o.a.p.ModelValidator:62 - Validating with ViewByIdHandler: [iv_pic, tv_percent, tv_start]
18:00:33.550 [Worker-12] DEBUG o.a.p.ModelValidator:62 - Validating with ClickHandler: [public void clickStart() ]
18:00:33.551 [Worker-12] INFO  o.a.p.ModelProcessor:74 - Processing root elements
18:00:33.551 [Worker-12] DEBUG o.a.p.ModelProcessor:176 - Processing root elements EActivityHandler: [func.asyncTask.TestAsyncTaskActivity]
18:00:33.557 [Worker-12] INFO  o.a.p.ModelProcessor:86 - Processing enclosed elements
18:00:33.557 [Worker-12] INFO  o.a.AndroidAnnotationProcessor:249 - Number of files generated by AndroidAnnotations: 1
18:00:33.558 [Worker-12] INFO  o.a.g.ApiCodeGenerator:52 - Writting following API classes in project: []
18:00:33.558 [Worker-12] DEBUG o.a.g.SourceCodewriter:55 - Generating class: func.asyncTask.TestAsyncTaskActivity_
18:00:33.563 [Worker-12] INFO  o.a.p.TimeStats:81 - Time measurements: [Whole Processing = 21 ms], [Process Annotations = 6 ms], [Generate Sources = 6 ms], [Find R Classes = 3 ms], [Validate Annotations = 2 ms], [Extract Manifest = 1 ms], [Extract Annotations = 0 ms], 
18:00:33.563 [Worker-12] INFO  o.a.AndroidAnnotationProcessor:121 - Finish processing
09:36:27.553 [Worker-3] INFO  o.a.AndroidAnnotationProcessor:83 - Initialize AndroidAnnotations 3.3.2 with options {phase=BUILD}
09:36:27.655 [Worker-3] INFO  o.a.AndroidAnnotationProcessor:107 - Start processing for 3 annotations on 5 elements
09:36:27.662 [Worker-3] DEBUG o.a.h.AndroidManifestFinder:137 - AndroidManifest.xml file found in parent folder D:\workspace_xm_2\AndoridFunc: D:\workspace_xm_2\AndoridFunc\AndroidManifest.xml
09:36:27.665 [Worker-3] INFO  o.a.AndroidAnnotationProcessor:170 - AndroidManifest.xml found: AndroidManifest [applicationPackage=com.example.andoridfunc, componentQualifiedNames=[com.example.andoridfunc.MainActivity, func.asyncTask.TestAsyncTaskActivity_, func.handler_and_thread.TestHandler], permissionQualifiedNames=[android.permission.INTERNET], applicationClassName=null, libraryProject=false, debugabble=false, minSdkVersion=8, maxSdkVersion=-1, targetSdkVersion=18]
09:36:27.666 [Worker-3] INFO  o.a.r.ProjectRClassFinder:50 - Found project R class: com.example.andoridfunc.R
09:36:27.669 [Worker-3] INFO  o.a.r.AndroidRClassFinder:44 - Found Android class: android.R
09:36:27.687 [Worker-3] INFO  o.a.p.ModelValidator:42 - Validating elements
09:36:27.687 [Worker-3] DEBUG o.a.p.ModelValidator:62 - Validating with EActivityHandler: [func.asyncTask.TestAsyncTaskActivity]
09:36:27.692 [Worker-3] DEBUG o.a.p.ModelValidator:62 - Validating with ViewByIdHandler: [tv_percent, iv_pic, tv_start]
09:36:27.695 [Worker-3] DEBUG o.a.p.ModelValidator:62 - Validating with ClickHandler: [public void clickStart() ]
09:36:27.705 [Worker-3] INFO  o.a.p.ModelProcessor:74 - Processing root elements
09:36:27.706 [Worker-3] DEBUG o.a.p.ModelProcessor:176 - Processing root elements EActivityHandler: [func.asyncTask.TestAsyncTaskActivity]
09:36:27.753 [Worker-3] INFO  o.a.p.ModelProcessor:86 - Processing enclosed elements
09:36:27.756 [Worker-3] INFO  o.a.AndroidAnnotationProcessor:249 - Number of files generated by AndroidAnnotations: 1
09:36:27.758 [Worker-3] INFO  o.a.g.ApiCodeGenerator:52 - Writting following API classes in project: []
09:36:27.760 [Worker-3] DEBUG o.a.g.SourceCodewriter:55 - Generating class: func.asyncTask.TestAsyncTaskActivity_
09:36:27.786 [Worker-3] INFO  o.a.p.TimeStats:81 - Time measurements: [Whole Processing = 131 ms], [Process Annotations = 57 ms], [Generate Sources = 31 ms], [Find R Classes = 13 ms], [Validate Annotations = 12 ms], [Extract Annotations = 5 ms], [Extract Manifest = 4 ms], 
09:36:27.786 [Worker-3] INFO  o.a.AndroidAnnotationProcessor:121 - Finish processing
09:36:43.636 [Worker-6] INFO  o.a.AndroidAnnotationProcessor:83 - Initialize AndroidAnnotations 3.3.2 with options {phase=BUILD}
09:36:43.638 [Worker-6] INFO  o.a.AndroidAnnotationProcessor:107 - Start processing for 3 annotations on 5 elements
09:36:43.639 [Worker-6] DEBUG o.a.h.AndroidManifestFinder:137 - AndroidManifest.xml file found in parent folder D:\workspace_xm_2\AndoridFunc: D:\workspace_xm_2\AndoridFunc\AndroidManifest.xml
09:36:43.640 [Worker-6] INFO  o.a.AndroidAnnotationProcessor:170 - AndroidManifest.xml found: AndroidManifest [applicationPackage=com.example.andoridfunc, componentQualifiedNames=[com.example.andoridfunc.MainActivity, func.asyncTask.TestAsyncTaskActivity_, func.handler_and_thread.TestHandler], permissionQualifiedNames=[android.permission.INTERNET], applicationClassName=null, libraryProject=false, debugabble=false, minSdkVersion=8, maxSdkVersion=-1, targetSdkVersion=18]
09:36:43.641 [Worker-6] INFO  o.a.r.ProjectRClassFinder:50 - Found project R class: com.example.andoridfunc.R
09:36:43.642 [Worker-6] INFO  o.a.r.AndroidRClassFinder:44 - Found Android class: android.R
09:36:43.645 [Worker-6] INFO  o.a.p.ModelValidator:42 - Validating elements
09:36:43.646 [Worker-6] DEBUG o.a.p.ModelValidator:62 - Validating with EActivityHandler: [func.asyncTask.TestAsyncTaskActivity]
09:36:43.646 [Worker-6] DEBUG o.a.p.ModelValidator:62 - Validating with ViewByIdHandler: [iv_pic, tv_start, tv_percent]
09:36:43.648 [Worker-6] DEBUG o.a.p.ModelValidator:62 - Validating with ClickHandler: [public void clickStart() ]
09:36:43.649 [Worker-6] INFO  o.a.p.ModelProcessor:74 - Processing root elements
09:36:43.649 [Worker-6] DEBUG o.a.p.ModelProcessor:176 - Processing root elements EActivityHandler: [func.asyncTask.TestAsyncTaskActivity]
09:36:43.657 [Worker-6] INFO  o.a.p.ModelProcessor:86 - Processing enclosed elements
09:36:43.658 [Worker-6] INFO  o.a.AndroidAnnotationProcessor:249 - Number of files generated by AndroidAnnotations: 1
09:36:43.658 [Worker-6] INFO  o.a.g.ApiCodeGenerator:52 - Writting following API classes in project: []
09:36:43.659 [Worker-6] DEBUG o.a.g.SourceCodewriter:55 - Generating class: func.asyncTask.TestAsyncTaskActivity_
09:36:43.664 [Worker-6] INFO  o.a.p.TimeStats:81 - Time measurements: [Whole Processing = 26 ms], [Process Annotations = 9 ms], [Generate Sources = 6 ms], [Find R Classes = 4 ms], [Validate Annotations = 4 ms], [Extract Annotations = 1 ms], [Extract Manifest = 1 ms], 
09:36:43.665 [Worker-6] INFO  o.a.AndroidAnnotationProcessor:121 - Finish processing
09:37:08.954 [Worker-2] INFO  o.a.AndroidAnnotationProcessor:83 - Initialize AndroidAnnotations 3.3.2 with options {phase=BUILD}
09:37:39.854 [Worker-7] INFO  o.a.AndroidAnnotationProcessor:83 - Initialize AndroidAnnotations 3.3.2 with options {phase=BUILD}
09:37:39.856 [Worker-7] INFO  o.a.AndroidAnnotationProcessor:107 - Start processing for 3 annotations on 5 elements
09:37:39.856 [Worker-7] DEBUG o.a.h.AndroidManifestFinder:137 - AndroidManifest.xml file found in parent folder D:\workspace_xm_2\AndoridFunc: D:\workspace_xm_2\AndoridFunc\AndroidManifest.xml
09:37:39.857 [Worker-7] INFO  o.a.AndroidAnnotationProcessor:170 - AndroidManifest.xml found: AndroidManifest [applicationPackage=com.example.andoridfunc, componentQualifiedNames=[com.example.andoridfunc.MainActivity, func.asyncTask.TestAsyncTaskActivity_, func.handler_and_thread.TestHandler], permissionQualifiedNames=[android.permission.INTERNET], applicationClassName=null, libraryProject=false, debugabble=false, minSdkVersion=8, maxSdkVersion=-1, targetSdkVersion=18]
09:37:39.858 [Worker-7] INFO  o.a.r.ProjectRClassFinder:50 - Found project R class: com.example.andoridfunc.R
09:37:39.858 [Worker-7] INFO  o.a.r.AndroidRClassFinder:44 - Found Android class: android.R
09:37:39.861 [Worker-7] INFO  o.a.p.ModelValidator:42 - Validating elements
09:37:39.861 [Worker-7] DEBUG o.a.p.ModelValidator:62 - Validating with EActivityHandler: [func.asyncTask.TestAsyncTaskActivity]
09:37:39.862 [Worker-7] DEBUG o.a.p.ModelValidator:62 - Validating with ViewByIdHandler: [iv_pic, tv_percent, tv_start]
09:37:39.863 [Worker-7] DEBUG o.a.p.ModelValidator:62 - Validating with ClickHandler: [public void clickStart() ]
09:37:39.864 [Worker-7] INFO  o.a.p.ModelProcessor:74 - Processing root elements
09:37:39.864 [Worker-7] DEBUG o.a.p.ModelProcessor:176 - Processing root elements EActivityHandler: [func.asyncTask.TestAsyncTaskActivity]
09:37:39.872 [Worker-7] INFO  o.a.p.ModelProcessor:86 - Processing enclosed elements
09:37:39.874 [Worker-7] INFO  o.a.AndroidAnnotationProcessor:249 - Number of files generated by AndroidAnnotations: 1
09:37:39.874 [Worker-7] INFO  o.a.g.ApiCodeGenerator:52 - Writting following API classes in project: []
09:37:39.875 [Worker-7] DEBUG o.a.g.SourceCodewriter:55 - Generating class: func.asyncTask.TestAsyncTaskActivity_
09:37:39.879 [Worker-7] INFO  o.a.p.TimeStats:81 - Time measurements: [Whole Processing = 23 ms], [Process Annotations = 11 ms], [Generate Sources = 5 ms], [Find R Classes = 3 ms], [Validate Annotations = 2 ms], [Extract Manifest = 1 ms], [Extract Annotations = 0 ms], 
09:37:39.880 [Worker-7] INFO  o.a.AndroidAnnotationProcessor:121 - Finish processing
09:37:56.533 [Worker-10] INFO  o.a.AndroidAnnotationProcessor:83 - Initialize AndroidAnnotations 3.3.2 with options {phase=BUILD}
09:37:56.534 [Worker-10] INFO  o.a.AndroidAnnotationProcessor:107 - Start processing for 3 annotations on 5 elements
09:37:56.535 [Worker-10] DEBUG o.a.h.AndroidManifestFinder:137 - AndroidManifest.xml file found in parent folder D:\workspace_xm_2\AndoridFunc: D:\workspace_xm_2\AndoridFunc\AndroidManifest.xml
09:37:56.536 [Worker-10] INFO  o.a.AndroidAnnotationProcessor:170 - AndroidManifest.xml found: AndroidManifest [applicationPackage=com.example.andoridfunc, componentQualifiedNames=[com.example.andoridfunc.MainActivity, func.asyncTask.TestAsyncTaskActivity_, func.handler_and_thread.TestHandler], permissionQualifiedNames=[android.permission.INTERNET], applicationClassName=null, libraryProject=false, debugabble=false, minSdkVersion=8, maxSdkVersion=-1, targetSdkVersion=18]
09:37:56.537 [Worker-10] INFO  o.a.r.ProjectRClassFinder:50 - Found project R class: com.example.andoridfunc.R
09:37:56.537 [Worker-10] INFO  o.a.r.AndroidRClassFinder:44 - Found Android class: android.R
09:37:56.540 [Worker-10] INFO  o.a.p.ModelValidator:42 - Validating elements
09:37:56.540 [Worker-10] DEBUG o.a.p.ModelValidator:62 - Validating with EActivityHandler: [func.asyncTask.TestAsyncTaskActivity]
09:37:56.541 [Worker-10] DEBUG o.a.p.ModelValidator:62 - Validating with ViewByIdHandler: [iv_pic, tv_start, tv_percent]
09:37:56.541 [Worker-10] DEBUG o.a.p.ModelValidator:62 - Validating with ClickHandler: [public void clickStart() ]
09:37:56.542 [Worker-10] INFO  o.a.p.ModelProcessor:74 - Processing root elements
09:37:56.542 [Worker-10] DEBUG o.a.p.ModelProcessor:176 - Processing root elements EActivityHandler: [func.asyncTask.TestAsyncTaskActivity]
09:37:56.547 [Worker-10] INFO  o.a.p.ModelProcessor:86 - Processing enclosed elements
09:37:56.548 [Worker-10] INFO  o.a.AndroidAnnotationProcessor:249 - Number of files generated by AndroidAnnotations: 1
09:37:56.549 [Worker-10] INFO  o.a.g.ApiCodeGenerator:52 - Writting following API classes in project: []
09:37:56.549 [Worker-10] DEBUG o.a.g.SourceCodewriter:55 - Generating class: func.asyncTask.TestAsyncTaskActivity_
09:37:56.554 [Worker-10] INFO  o.a.p.TimeStats:81 - Time measurements: [Whole Processing = 20 ms], [Process Annotations = 6 ms], [Generate Sources = 6 ms], [Find R Classes = 3 ms], [Validate Annotations = 2 ms], [Extract Annotations = 1 ms], [Extract Manifest = 1 ms], 
09:37:56.555 [Worker-10] INFO  o.a.AndroidAnnotationProcessor:121 - Finish processing
09:58:11.701 [Worker-16] INFO  o.a.AndroidAnnotationProcessor:83 - Initialize AndroidAnnotations 3.3.2 with options {phase=BUILD}
09:58:11.770 [Worker-16] INFO  o.a.AndroidAnnotationProcessor:107 - Start processing for 3 annotations on 5 elements
09:58:11.775 [Worker-16] DEBUG o.a.h.AndroidManifestFinder:137 - AndroidManifest.xml file found in parent folder D:\workspace_xm_2\AndoridFunc: D:\workspace_xm_2\AndoridFunc\AndroidManifest.xml
09:58:11.777 [Worker-16] INFO  o.a.AndroidAnnotationProcessor:170 - AndroidManifest.xml found: AndroidManifest [applicationPackage=com.example.andoridfunc, componentQualifiedNames=[com.example.andoridfunc.MainActivity, func.asyncTask.TestAsyncTaskActivity_, func.handler_and_thread.TestHandler], permissionQualifiedNames=[android.permission.INTERNET], applicationClassName=null, libraryProject=false, debugabble=false, minSdkVersion=8, maxSdkVersion=-1, targetSdkVersion=18]
09:58:11.779 [Worker-16] INFO  o.a.r.ProjectRClassFinder:50 - Found project R class: com.example.andoridfunc.R
09:58:11.782 [Worker-16] INFO  o.a.r.AndroidRClassFinder:44 - Found Android class: android.R
09:58:11.798 [Worker-16] INFO  o.a.p.ModelValidator:42 - Validating elements
09:58:11.799 [Worker-16] DEBUG o.a.p.ModelValidator:62 - Validating with EActivityHandler: [func.asyncTask.TestAsyncTaskActivity]
09:58:11.804 [Worker-16] DEBUG o.a.p.ModelValidator:62 - Validating with ViewByIdHandler: [tv_start, iv_pic, tv_percent]
09:58:11.806 [Worker-16] DEBUG o.a.p.ModelValidator:62 - Validating with ClickHandler: [public void clickStart() ]
09:58:11.816 [Worker-16] INFO  o.a.p.ModelProcessor:74 - Processing root elements
09:58:11.817 [Worker-16] DEBUG o.a.p.ModelProcessor:176 - Processing root elements EActivityHandler: [func.asyncTask.TestAsyncTaskActivity]
09:58:11.853 [Worker-16] INFO  o.a.p.ModelProcessor:86 - Processing enclosed elements
09:58:11.856 [Worker-16] INFO  o.a.AndroidAnnotationProcessor:249 - Number of files generated by AndroidAnnotations: 1
09:58:11.857 [Worker-16] INFO  o.a.g.ApiCodeGenerator:52 - Writting following API classes in project: []
09:58:11.858 [Worker-16] DEBUG o.a.g.SourceCodewriter:55 - Generating class: func.asyncTask.TestAsyncTaskActivity_
09:58:11.868 [Worker-16] INFO  o.a.p.TimeStats:81 - Time measurements: [Whole Processing = 98 ms], [Process Annotations = 48 ms], [Find R Classes = 13 ms], [Generate Sources = 12 ms], [Validate Annotations = 10 ms], [Extract Manifest = 4 ms], [Extract Annotations = 2 ms], 
09:58:11.868 [Worker-16] INFO  o.a.AndroidAnnotationProcessor:121 - Finish processing
09:58:37.245 [Worker-5] INFO  o.a.AndroidAnnotationProcessor:83 - Initialize AndroidAnnotations 3.3.2 with options {phase=BUILD}
09:59:03.112 [Worker-11] INFO  o.a.AndroidAnnotationProcessor:83 - Initialize AndroidAnnotations 3.3.2 with options {phase=BUILD}
09:59:03.113 [Worker-11] INFO  o.a.AndroidAnnotationProcessor:107 - Start processing for 3 annotations on 5 elements
09:59:03.114 [Worker-11] DEBUG o.a.h.AndroidManifestFinder:137 - AndroidManifest.xml file found in parent folder D:\workspace_xm_2\AndoridFunc: D:\workspace_xm_2\AndoridFunc\AndroidManifest.xml
09:59:03.116 [Worker-11] INFO  o.a.AndroidAnnotationProcessor:170 - AndroidManifest.xml found: AndroidManifest [applicationPackage=com.example.andoridfunc, componentQualifiedNames=[com.example.andoridfunc.MainActivity, func.asyncTask.TestAsyncTaskActivity_, func.handler_and_thread.TestHandler], permissionQualifiedNames=[android.permission.INTERNET], applicationClassName=null, libraryProject=false, debugabble=false, minSdkVersion=8, maxSdkVersion=-1, targetSdkVersion=18]
09:59:03.116 [Worker-11] INFO  o.a.r.ProjectRClassFinder:50 - Found project R class: com.example.andoridfunc.R
09:59:03.117 [Worker-11] INFO  o.a.r.AndroidRClassFinder:44 - Found Android class: android.R
09:59:03.120 [Worker-11] INFO  o.a.p.ModelValidator:42 - Validating elements
09:59:03.120 [Worker-11] DEBUG o.a.p.ModelValidator:62 - Validating with EActivityHandler: [func.asyncTask.TestAsyncTaskActivity]
09:59:03.121 [Worker-11] DEBUG o.a.p.ModelValidator:62 - Validating with ViewByIdHandler: [tv_start, tv_percent, iv_pic]
09:59:03.122 [Worker-11] DEBUG o.a.p.ModelValidator:62 - Validating with ClickHandler: [public void clickStart() ]
09:59:03.123 [Worker-11] INFO  o.a.p.ModelProcessor:74 - Processing root elements
09:59:03.123 [Worker-11] DEBUG o.a.p.ModelProcessor:176 - Processing root elements EActivityHandler: [func.asyncTask.TestAsyncTaskActivity]
09:59:03.129 [Worker-11] INFO  o.a.p.ModelProcessor:86 - Processing enclosed elements
09:59:03.131 [Worker-11] INFO  o.a.AndroidAnnotationProcessor:249 - Number of files generated by AndroidAnnotations: 1
09:59:03.131 [Worker-11] INFO  o.a.g.ApiCodeGenerator:52 - Writting following API classes in project: []
09:59:03.132 [Worker-11] DEBUG o.a.g.SourceCodewriter:55 - Generating class: func.asyncTask.TestAsyncTaskActivity_
09:59:03.136 [Worker-11] INFO  o.a.p.TimeStats:81 - Time measurements: [Whole Processing = 23 ms], [Process Annotations = 9 ms], [Generate Sources = 5 ms], [Find R Classes = 4 ms], [Extract Manifest = 2 ms], [Validate Annotations = 2 ms], [Extract Annotations = 0 ms], 
09:59:03.136 [Worker-11] INFO  o.a.AndroidAnnotationProcessor:121 - Finish processing
